{
  "stats": {
    "suites": 2,
    "tests": 2,
    "passes": 2,
    "pending": 0,
    "failures": 0,
    "start": "2022-03-04T20:31:56.131Z",
    "end": "2022-03-04T20:32:39.314Z",
    "duration": 43183,
    "testsRegistered": 2,
    "passPercent": 100,
    "pendingPercent": 0,
    "other": 0,
    "hasOther": false,
    "skipped": 0,
    "hasSkipped": false
  },
  "results": [
    {
      "uuid": "f01dc076-977e-40e1-988e-77a6b18beca6",
      "title": "",
      "fullFile": "",
      "file": "",
      "beforeHooks": [],
      "afterHooks": [],
      "tests": [],
      "suites": [
        {
          "uuid": "91498c32-4239-46db-b8f3-ee8316410a83",
          "title": "Add todo first test",
          "fullFile": "C:\\Users\\Sohan\\Desktop\\seleniumDemo\\test\\firstTest.js",
          "file": "\\test\\firstTest.js",
          "beforeHooks": [],
          "afterHooks": [],
          "tests": [
            {
              "title": "Successfully added first todo item in application",
              "fullTitle": "Add todo first test Successfully added first todo item in application",
              "timedOut": null,
              "duration": 40908,
              "state": "passed",
              "speed": "slow",
              "pass": true,
              "fail": false,
              "pending": false,
              "context": null,
              "code": "let driver = await new Builder().forBrowser(\"firefox\").build();\n        await driver.get(\"https://lambdatest.github.io/sample-todo-app/\")\n        await driver.findElement(By.id(\"sampletodotext\")).sendKeys(\"Sixth Item\", Key.RETURN);\n        let todoText = await driver.findElement(By.xpath(\"//li[last()]\")).getText().then(function (value) {\n            return value\n        }); //finding the xpath for the new entry in list and adding as new variable\n        todoText.should.equal(\"Sixth Item\"); //chai assertion for same todoText variable\n        await driver.quit();",
              "err": {},
              "uuid": "154637f0-5e9b-4e65-b95f-e7ecf6b2b5f5",
              "parentUUID": null,
              "isHook": false,
              "skipped": false
            }
          ],
          "suites": [],
          "passes": [
            "154637f0-5e9b-4e65-b95f-e7ecf6b2b5f5"
          ],
          "failures": [],
          "pending": [],
          "skipped": [],
          "duration": 40908,
          "root": false,
          "rootEmpty": false,
          "_timeout": null
        },
        {
          "uuid": "c4e266cf-78bf-42a5-84d3-7e9a7f32f4b9",
          "title": "Add todo second test",
          "fullFile": "C:\\Users\\Sohan\\Desktop\\seleniumDemo\\test\\secondTest.js",
          "file": "\\test\\secondTest.js",
          "beforeHooks": [],
          "afterHooks": [],
          "tests": [
            {
              "title": "Successfully added second todo item in application",
              "fullTitle": "Add todo second test Successfully added second todo item in application",
              "timedOut": null,
              "duration": 40978,
              "state": "passed",
              "speed": "slow",
              "pass": true,
              "fail": false,
              "pending": false,
              "context": null,
              "code": "let driver = await new Builder().forBrowser(\"firefox\").build();\n        await driver.get(\"https://lambdatest.github.io/sample-todo-app/\")\n        await driver.findElement(By.id(\"sampletodotext\")).sendKeys(\"Seventh Item\", Key.RETURN);\n        let todoText = await driver.findElement(By.xpath(\"//li[last()]\")).getText().then(function (value) {\n            return value\n        }); //finding the xpath for the new entry in list and adding as new variable\n        todoText.should.equal(\"Seventh Item\"); //chai assertion for same todoText variable\n        await driver.quit();",
              "err": {},
              "uuid": "ed82e184-6f50-46dd-9241-8f39b7d6a494",
              "parentUUID": null,
              "isHook": false,
              "skipped": false
            }
          ],
          "suites": [],
          "passes": [
            "ed82e184-6f50-46dd-9241-8f39b7d6a494"
          ],
          "failures": [],
          "pending": [],
          "skipped": [],
          "duration": 40978,
          "root": false,
          "rootEmpty": false,
          "_timeout": null
        }
      ],
      "passes": [],
      "failures": [],
      "pending": [],
      "skipped": [],
      "duration": 0,
      "root": true,
      "rootEmpty": true,
      "_timeout": 0
    }
  ],
  "meta": {
    "mocha": {
      "version": "9.2.1"
    },
    "mochawesome": {
      "options": {
        "quiet": false,
        "reportFilename": "testResult",
        "saveHtml": true,
        "saveJson": true,
        "consoleReporter": "spec",
        "useInlineDiffs": false,
        "code": true
      },
      "version": "7.1.1"
    },
    "marge": {
      "options": {
        "reportDir": "/Users/Sohan/Desktop/seleniumDemo/testreports",
        "reportFilename": "testResult"
      },
      "version": "6.1.0"
    }
  }
}