{
  "stats": {
    "suites": 2,
    "tests": 2,
    "passes": 2,
    "pending": 0,
    "failures": 0,
    "start": "2022-03-04T20:02:58.554Z",
    "end": "2022-03-04T20:03:50.163Z",
    "duration": 51609,
    "testsRegistered": 2,
    "passPercent": 100,
    "pendingPercent": 0,
    "other": 0,
    "hasOther": false,
    "skipped": 0,
    "hasSkipped": false
  },
  "results": [
    {
      "uuid": "41265ec5-547c-4dd2-b473-90f21f3fc22f",
      "title": "",
      "fullFile": "",
      "file": "",
      "beforeHooks": [],
      "afterHooks": [],
      "tests": [],
      "suites": [
        {
          "uuid": "3eb71ccd-ea49-4e0b-a824-e5e9101362c1",
          "title": "Add todo first test",
          "fullFile": "C:\\Users\\Sohan\\Desktop\\seleniumDemo\\test\\firstTest.js",
          "file": "\\test\\firstTest.js",
          "beforeHooks": [],
          "afterHooks": [],
          "tests": [
            {
              "title": "Successfully added first todo item in application",
              "fullTitle": "Add todo first test Successfully added first todo item in application",
              "timedOut": null,
              "duration": 44188,
              "state": "passed",
              "speed": "slow",
              "pass": true,
              "fail": false,
              "pending": false,
              "context": null,
              "code": "let driver = await new Builder().forBrowser(\"firefox\").build();\n        await driver.get(\"https://lambdatest.github.io/sample-todo-app/\")\n        await driver.findElement(By.id(\"sampletodotext\")).sendKeys(\"Sixth Item\", Key.RETURN);\n        let todoText = await driver.findElement(By.xpath(\"//li[last()]\")).getText().then(function (value) {\n            return value\n        }); //finding the xpath for the new entry in list and adding as new variable\n        todoText.should.equal(\"Sixth Item\"); //chai assertion for same todoText variable\n        await driver.quit();",
              "err": {},
              "uuid": "501d52fa-0c2f-4f4d-8d9e-c9262da7858d",
              "parentUUID": null,
              "isHook": false,
              "skipped": false
            }
          ],
          "suites": [],
          "passes": [
            "501d52fa-0c2f-4f4d-8d9e-c9262da7858d"
          ],
          "failures": [],
          "pending": [],
          "skipped": [],
          "duration": 44188,
          "root": false,
          "rootEmpty": false,
          "_timeout": null
        },
        {
          "uuid": "3fe115d6-b703-4582-b83d-50a6b1f4b6dd",
          "title": "Add todo second test",
          "fullFile": "C:\\Users\\Sohan\\Desktop\\seleniumDemo\\test\\secondTest.js",
          "file": "\\test\\secondTest.js",
          "beforeHooks": [],
          "afterHooks": [],
          "tests": [
            {
              "title": "Successfully added second todo item in application",
              "fullTitle": "Add todo second test Successfully added second todo item in application",
              "timedOut": null,
              "duration": 44301,
              "state": "passed",
              "speed": "slow",
              "pass": true,
              "fail": false,
              "pending": false,
              "context": null,
              "code": "let driver = await new Builder().forBrowser(\"firefox\").build();\n        await driver.get(\"https://lambdatest.github.io/sample-todo-app/\")\n        await driver.findElement(By.id(\"sampletodotext\")).sendKeys(\"Seventh Item\", Key.RETURN);\n        let todoText = await driver.findElement(By.xpath(\"//li[last()]\")).getText().then(function (value) {\n            return value\n        }); //finding the xpath for the new entry in list and adding as new variable\n        todoText.should.equal(\"Seventh Item\"); //chai assertion for same todoText variable\n        await driver.quit();",
              "err": {},
              "uuid": "b7d0925b-787d-4c9c-b31d-4d719fb1c008",
              "parentUUID": null,
              "isHook": false,
              "skipped": false
            }
          ],
          "suites": [],
          "passes": [
            "b7d0925b-787d-4c9c-b31d-4d719fb1c008"
          ],
          "failures": [],
          "pending": [],
          "skipped": [],
          "duration": 44301,
          "root": false,
          "rootEmpty": false,
          "_timeout": null
        }
      ],
      "passes": [],
      "failures": [],
      "pending": [],
      "skipped": [],
      "duration": 0,
      "root": true,
      "rootEmpty": true,
      "_timeout": 0
    }
  ],
  "meta": {
    "mocha": {
      "version": "9.2.1"
    },
    "mochawesome": {
      "options": {
        "quiet": false,
        "reportFilename": "testreport",
        "saveHtml": true,
        "saveJson": true,
        "consoleReporter": "spec",
        "useInlineDiffs": false,
        "code": true
      },
      "version": "7.1.1"
    },
    "marge": {
      "options": {
        "reportDir": "/Users/Sohan/Desktop/seleniumDemo/testreports",
        "reportFilename": "testreport"
      },
      "version": "6.1.0"
    }
  }
}